Determining if the pthread_create exist failed with the following output:
Change Dir: /home/workspace/SFND_Lidar_Obstacle_Detection/build/CMakeFiles/CMakeTmp

Run Build Command:"/usr/bin/make" "cmTC_91f75/fast"
/usr/bin/make -f CMakeFiles/cmTC_91f75.dir/build.make CMakeFiles/cmTC_91f75.dir/build
make[1]: Entering directory '/workspace/home/SFND_Lidar_Obstacle_Detection/build/CMakeFiles/CMakeTmp'
Building C object CMakeFiles/cmTC_91f75.dir/CheckSymbolExists.c.o
/usr/bin/cc    -o CMakeFiles/cmTC_91f75.dir/CheckSymbolExists.c.o   -c /home/workspace/SFND_Lidar_Obstacle_Detection/build/CMakeFiles/CMakeTmp/CheckSymbolExists.c
Linking C executable cmTC_91f75
/usr/local/bin/cmake -E cmake_link_script CMakeFiles/cmTC_91f75.dir/link.txt --verbose=1
/usr/bin/cc      -rdynamic CMakeFiles/cmTC_91f75.dir/CheckSymbolExists.c.o  -o cmTC_91f75 
CMakeFiles/cmTC_91f75.dir/CheckSymbolExists.c.o: In function `main':
CheckSymbolExists.c:(.text+0x16): undefined reference to `pthread_create'
collect2: error: ld returned 1 exit status
CMakeFiles/cmTC_91f75.dir/build.make:86: recipe for target 'cmTC_91f75' failed
make[1]: *** [cmTC_91f75] Error 1
make[1]: Leaving directory '/workspace/home/SFND_Lidar_Obstacle_Detection/build/CMakeFiles/CMakeTmp'
Makefile:121: recipe for target 'cmTC_91f75/fast' failed
make: *** [cmTC_91f75/fast] Error 2

File /home/workspace/SFND_Lidar_Obstacle_Detection/build/CMakeFiles/CMakeTmp/CheckSymbolExists.c:
/* */
#include <pthread.h>

int main(int argc, char** argv)
{
  (void)argv;
#ifndef pthread_create
  return ((int*)(&pthread_create))[argc];
#else
  (void)argc;
  return 0;
#endif
}

Determining if the function pthread_create exists in the pthreads failed with the following output:
Change Dir: /home/workspace/SFND_Lidar_Obstacle_Detection/build/CMakeFiles/CMakeTmp

Run Build Command:"/usr/bin/make" "cmTC_6f930/fast"
/usr/bin/make -f CMakeFiles/cmTC_6f930.dir/build.make CMakeFiles/cmTC_6f930.dir/build
make[1]: Entering directory '/workspace/home/SFND_Lidar_Obstacle_Detection/build/CMakeFiles/CMakeTmp'
Building C object CMakeFiles/cmTC_6f930.dir/CheckFunctionExists.c.o
/usr/bin/cc   -DCHECK_FUNCTION_EXISTS=pthread_create   -o CMakeFiles/cmTC_6f930.dir/CheckFunctionExists.c.o   -c /usr/local/share/cmake-3.13/Modules/CheckFunctionExists.c
Linking C executable cmTC_6f930
/usr/local/bin/cmake -E cmake_link_script CMakeFiles/cmTC_6f930.dir/link.txt --verbose=1
/usr/bin/cc  -DCHECK_FUNCTION_EXISTS=pthread_create    -rdynamic CMakeFiles/cmTC_6f930.dir/CheckFunctionExists.c.o  -o cmTC_6f930 -lpthreads 
/usr/bin/ld: cannot find -lpthreads
collect2: error: ld returned 1 exit status
CMakeFiles/cmTC_6f930.dir/build.make:86: recipe for target 'cmTC_6f930' failed
make[1]: *** [cmTC_6f930] Error 1
make[1]: Leaving directory '/workspace/home/SFND_Lidar_Obstacle_Detection/build/CMakeFiles/CMakeTmp'
Makefile:121: recipe for target 'cmTC_6f930/fast' failed
make: *** [cmTC_6f930/fast] Error 2


